<?xml version="1.0" encoding="UTF-8"?>
<!-- Generated by org.testng.reporters.JUnitXMLReporter -->
<testsuite ignored="0" hostname="DESKTOP-JR9GPET" failures="0" tests="3" name="Default test" time="20.706" errors="0" timestamp="2022-05-12T10:10:56 IST">
  <testcase classname="testjava.LoginPageTest" name="verifyUrlOfLoginPage" time="0.077"/>
  <testcase classname="testjava.LoginPageTest" name="verifyTitleOfLoginPage" time="0.078"/>
  <testcase classname="testjava.LoginPageTest" name="verifyLoginPageWithCorrectCredentials" time="6.013"/>
</testsuite> <!-- Default test -->
