<?xml version="1.0" encoding="UTF-8"?>
<!-- Generated by org.testng.reporters.JUnitXMLReporter -->
<testsuite ignored="0" hostname="DESKTOP-JR9GPET" failures="0" tests="4" name="Test" time="24.168" errors="0" timestamp="2022-05-08T23:58:54 IST">
  <testcase classname="testjava.LoginPageTest" name="verifyUrlOfLoginPage" time="0.091"/>
  <testcase classname="testjava.LoginPageTest" name="verifyTitleOfLoginPage" time="0.059"/>
  <testcase classname="testjava.LoginPageTest" name="verifyLoginPageWithCorrectCredentials" time="8.404"/>
  <testcase classname="testjava.DashBoardPageTest" name="verifyLogOutOption" time="9.93"/>
</testsuite> <!-- Test -->
